<?xml version="1.0" encoding="UTF-8"?>
<!-- Generated by org.testng.reporters.JUnitReportReporter -->
<testsuite hostname="TO-2GF3Z52-L" name="com.techouts.fanniemae.testcases.CreateRequisitionsTest" tests="2" failures="0" timestamp="18 Nov 2019 10:14:25 GMT" time="224.474" errors="0">
  <testcase name="commodityApprovalforSubmittedRequest" time="83.117" classname="com.techouts.fanniemae.testcases.CreateRequisitionsTest"/>
  <testcase name="createSpecialRequestsRequisitions" time="141.357" classname="com.techouts.fanniemae.testcases.CreateRequisitionsTest"/>
</testsuite> <!-- com.techouts.fanniemae.testcases.CreateRequisitionsTest -->
